0.jpg
iou [0.2541423597705797, 0.633227502426334, 0.966673096969214, 0.6063007628056141, 0.2183443180780686, 0.8450615526735594, 0.8296938339284203, 0.7066526321263077, 0.7707307290293827, 0.0, 0.0, 0.0]
dice [0.4052847075782847, 0.7754308588186359, 0.9830541725098365, 0.7549031624023269, 0.3584279334474273, 0.9160253233275989, 0.9069209487874121, 0.8281153631666611, 0.8705227919683247, 0.0, 0.0, 0.0]
1.jpg
iou [0.3742413195231416, 0.5226378489166603, 0.0, 0.7826939854621956, 0.564634844400003, 0.0, 0.9249364072682495, 0.7660921700773169, 0.47057745859592554, 0.0, 0.0, 0.0]
dice [0.5446515312943763, 0.6864900268813248, 0.0, 0.87810245824021, 0.7217464783184295, 0.0, 0.9610046376346136, 0.8675562726081035, 0.6399900336364769, 0.0, 0.0, 0.0]
10.jpg
iou [0.0, 0.0, 0.0, 0.0, 0.0, 0.0, 0.0, 0.0, 0.0, 0.0, 0.0, 0.0]
dice [0.0, 0.0, 0.0, 0.0, 0.0, 0.0, 0.0, 0.0, 0.0, 0.0, 0.0, 0.0]
11.jpg
iou [0.0, 0.0, 0.0, 0.0, 0.0, 0.0, 0.0, 0.0, 0.0, 0.0, 0.0, 0.0]
dice [0.0, 0.0, 0.0, 0.0, 0.0, 0.0, 0.0, 0.0, 0.0, 0.0, 0.0, 0.0]
12.jpg
iou [0.0, 0.0, 0.0, 0.0, 0.0, 0.0, 0.0, 0.0, 0.0, 0.0, 0.0, 0.0]
dice [0.0, 0.0, 0.0, 0.0, 0.0, 0.0, 0.0, 0.0, 0.0, 0.0, 0.0, 0.0]
13.jpg
iou [0.0, 0.0, 0.0, 0.0, 0.0, 0.0, 0.0, 0.0, 0.0, 0.0, 0.0, 0.0]
dice [0.0, 0.0, 0.0, 0.0, 0.0, 0.0, 0.0, 0.0, 0.0, 0.0, 0.0, 0.0]
14.jpg
iou [0.0, 0.0, 0.0, 0.0, 0.0, 0.0, 0.0, 0.0, 0.0, 0.0, 0.0, 0.0]
dice [0.0, 0.0, 0.0, 0.0, 0.0, 0.0, 0.0, 0.0, 0.0, 0.0, 0.0, 0.0]
15.jpg
iou [0.0, 0.0, 0.0, 0.0, 0.0, 0.0, 0.0, 0.0, 0.0, 0.0, 0.0, 0.0]
dice [0.0, 0.0, 0.0, 0.0, 0.0, 0.0, 0.0, 0.0, 0.0, 0.0, 0.0, 0.0]
16.jpg
iou [0.0, 0.0, 0.0, 0.0, 0.0, 0.0, 0.0, 0.0, 0.0, 0.0, 0.0, 0.0]
dice [0.0, 0.0, 0.0, 0.0, 0.0, 0.0, 0.0, 0.0, 0.0, 0.0, 0.0, 0.0]
17.jpg
iou [0.0, 0.0, 0.0, 0.0, 0.0, 0.0, 0.0, 0.0, 0.0, 0.0, 0.0, 0.0]
dice [0.0, 0.0, 0.0, 0.0, 0.0, 0.0, 0.0, 0.0, 0.0, 0.0, 0.0, 0.0]
18.jpg
iou [0.0, 0.0, 0.0, 0.0, 0.0, 0.0, 0.0, 0.0, 0.0, 0.0, 0.0, 0.0]
dice [0.0, 0.0, 0.0, 0.0, 0.0, 0.0, 0.0, 0.0, 0.0, 0.0, 0.0, 0.0]
19.jpg
iou [0.0, 0.0, 0.0, 0.0, 0.0, 0.0, 0.0, 0.0, 0.0, 0.0, 0.0, 0.0]
dice [0.0, 0.0, 0.0, 0.0, 0.0, 0.0, 0.0, 0.0, 0.0, 0.0, 0.0, 0.0]
2.jpg
iou [0.0, 0.7615916231547468, 0.9537089376816018, 0.0, 0.6192944326140382, 0.9241150653424156, 0.0, 0.6877685634574799, 0.9413701026418302, 0.0, 0.8184950351536812, 0.43115295377476354]
dice [0.0, 0.8646630843882537, 0.9763060600145843, 0.0, 0.7648941664232204, 0.9605611244231488, 0.0, 0.815003405500753, 0.9697997320148354, 0.0, 0.9001894636292037, 0.6025253312548714]
20.jpg
iou [0.0, 0.0, 0.0, 0.0, 0.0, 0.0, 0.0, 0.0, 0.0, 0.0, 0.0, 0.0]
dice [0.0, 0.0, 0.0, 0.0, 0.0, 0.0, 0.0, 0.0, 0.0, 0.0, 0.0, 0.0]
21.jpg
iou [0.0, 0.0, 0.0, 0.0, 0.0, 0.0, 0.0, 0.0, 0.0, 0.0, 0.0, 0.0]
dice [0.0, 0.0, 0.0, 0.0, 0.0, 0.0, 0.0, 0.0, 0.0, 0.0, 0.0, 0.0]
22.jpg
iou [0.0, 0.0, 0.0, 0.0, 0.0, 0.0, 0.0, 0.0, 0.0, 0.0, 0.0, 0.0]
dice [0.0, 0.0, 0.0, 0.0, 0.0, 0.0, 0.0, 0.0, 0.0, 0.0, 0.0, 0.0]
23.jpg
iou [0.0, 0.0, 0.0, 0.0, 0.0, 0.0, 0.0, 0.0, 0.0, 0.0, 0.0, 0.0]
dice [0.0, 0.0, 0.0, 0.0, 0.0, 0.0, 0.0, 0.0, 0.0, 0.0, 0.0, 0.0]
3.jpg
iou [0.015440376543247925, 0.25087755308838927, 0.9654732504947895, 0.35889618238876275, 0.025041835536720104, 0.6537955609474843, 0.31651768021227034, 0.5511970212991937, 0.7552851759226981, 0.0, 0.0, 0.0]
dice [0.03041119281825271, 0.40112247992455874, 0.982433365859078, 0.5282172207708611, 0.0488601238867641, 0.7906606794529246, 0.48084075887417815, 0.7106731301450575, 0.8605840079811173, 0.0, 0.0, 0.0]
4.jpg
iou [0.0, 0.0, 0.5138633414021194, 0.7340267654282074, 0.08231301027209878, 0.4018316647783475, 0.7956542718499536, 0.8381278997058801, 0.8365208744416893, 0.0, 0.0, 0.5953895215550046]
dice [0.0, 0.0, 0.6788767880807343, 0.8466152657648788, 0.15210573926558435, 0.5732951749836293, 0.8861998485156493, 0.9119364325409449, 0.9109843357440687, 0.0, 0.0, 0.7463876545643681]
5.jpg
iou [0.0, 0.0, 0.0, 0.0, 0.0, 0.0, 0.0, 0.0, 0.0, 0.0, 0.0, 0.0]
dice [0.0, 0.0, 0.0, 0.0, 0.0, 0.0, 0.0, 0.0, 0.0, 0.0, 0.0, 0.0]
6.jpg
iou [0.0, 0.0, 0.0, 0.0, 0.0, 0.0, 0.0, 0.0, 0.0, 0.0, 0.0, 0.0]
dice [0.0, 0.0, 0.0, 0.0, 0.0, 0.0, 0.0, 0.0, 0.0, 0.0, 0.0, 0.0]
7.jpg
iou [0.0, 0.0, 0.0, 0.0, 0.0, 0.0, 0.0, 0.0, 0.0, 0.0, 0.0, 0.0]
dice [0.0, 0.0, 0.0, 0.0, 0.0, 0.0, 0.0, 0.0, 0.0, 0.0, 0.0, 0.0]
8.jpg
iou [0.0, 0.0, 0.0, 0.0, 0.0, 0.0, 0.0, 0.0, 0.0, 0.0, 0.0, 0.0]
dice [0.0, 0.0, 0.0, 0.0, 0.0, 0.0, 0.0, 0.0, 0.0, 0.0, 0.0, 0.0]
9.jpg
iou [0.0, 0.0, 0.0, 0.0, 0.0, 0.0, 0.0, 0.0, 0.0, 0.0, 0.0, 0.0]
dice [0.0, 0.0, 0.0, 0.0, 0.0, 0.0, 0.0, 0.0, 0.0, 0.0, 0.0, 0.0]
----
block [1, 2, 3, 4, 5, 6, 7, 8, 9, 10, 11, 12]
iou average [0.026826   0.09034727 0.14165494 0.10341324 0.06290119 0.11770016
 0.11945009 0.14790993 0.15727018 0.         0.03410396 0.0427726 ]
dice average [0.04084781 0.11365444 0.15086127 0.12532659 0.08525144 0.1350226
 0.13479026 0.17222019 0.1771617  0.         0.03750789 0.05620471]
