0.jpg
iou [0.3280438237494048, 0.45792190462014554, 0.9591657313259261, 0.5931194399726808, 0.2118055092035448, 0.9041526489822441, 0.8327231089430124, 0.7345754199856739, 0.8086652720828242, 0.0, 0.0, 0.0]
dice [0.4940256004854626, 0.6281844084638468, 0.9791573178209696, 0.7446013463784633, 0.3495701374435132, 0.9496640402916302, 0.908727679461923, 0.8469800869099608, 0.8942121956613683, 0.0, 0.0, 0.0]
1.jpg
iou [0.38824065394162155, 0.2560354028348679, 0.0, 0.7379818018465861, 0.7116702006774555, 0.0, 0.8160869003730141, 0.635391973999087, 0.41385519834754514, 0.0, 0.0, 0.0]
dice [0.5593275961762, 0.4076881945476964, 0.0, 0.8492399644950123, 0.8315506110882648, 0.0, 0.8987311127076512, 0.77705159876178, 0.5854279827683087, 0.0, 0.0, 0.0]
10.jpg
iou [0.0, 0.0, 0.0, 0.0, 0.0, 0.0, 0.0, 0.0, 0.0, 0.0, 0.0, 0.0]
dice [0.0, 0.0, 0.0, 0.0, 0.0, 0.0, 0.0, 0.0, 0.0, 0.0, 0.0, 0.0]
11.jpg
iou [0.0, 0.0, 0.0, 0.0, 0.0, 0.0, 0.0, 0.0, 0.0, 0.0, 0.0, 0.0]
dice [0.0, 0.0, 0.0, 0.0, 0.0, 0.0, 0.0, 0.0, 0.0, 0.0, 0.0, 0.0]
12.jpg
iou [0.0, 0.0, 0.0, 0.0, 0.0, 0.0, 0.0, 0.0, 0.0, 0.0, 0.0, 0.0]
dice [0.0, 0.0, 0.0, 0.0, 0.0, 0.0, 0.0, 0.0, 0.0, 0.0, 0.0, 0.0]
13.jpg
iou [0.0, 0.0, 0.0, 0.0, 0.0, 0.0, 0.0, 0.0, 0.0, 0.0, 0.0, 0.0]
dice [0.0, 0.0, 0.0, 0.0, 0.0, 0.0, 0.0, 0.0, 0.0, 0.0, 0.0, 0.0]
14.jpg
iou [0.0, 0.0, 0.0, 0.0, 0.0, 0.0, 0.0, 0.0, 0.0, 0.0, 0.0, 0.0]
dice [0.0, 0.0, 0.0, 0.0, 0.0, 0.0, 0.0, 0.0, 0.0, 0.0, 0.0, 0.0]
15.jpg
iou [0.0, 0.0, 0.0, 0.0, 0.0, 0.0, 0.0, 0.0, 0.0, 0.0, 0.0, 0.0]
dice [0.0, 0.0, 0.0, 0.0, 0.0, 0.0, 0.0, 0.0, 0.0, 0.0, 0.0, 0.0]
16.jpg
iou [0.0, 0.0, 0.0, 0.0, 0.0, 0.0, 0.0, 0.0, 0.0, 0.0, 0.0, 0.0]
dice [0.0, 0.0, 0.0, 0.0, 0.0, 0.0, 0.0, 0.0, 0.0, 0.0, 0.0, 0.0]
17.jpg
iou [0.0, 0.0, 0.0, 0.0, 0.0, 0.0, 0.0, 0.0, 0.0, 0.0, 0.0, 0.0]
dice [0.0, 0.0, 0.0, 0.0, 0.0, 0.0, 0.0, 0.0, 0.0, 0.0, 0.0, 0.0]
18.jpg
iou [0.0, 0.0, 0.0, 0.0, 0.0, 0.0, 0.0, 0.0, 0.0, 0.0, 0.0, 0.0]
dice [0.0, 0.0, 0.0, 0.0, 0.0, 0.0, 0.0, 0.0, 0.0, 0.0, 0.0, 0.0]
19.jpg
iou [0.0, 0.0, 0.0, 0.0, 0.0, 0.0, 0.0, 0.0, 0.0, 0.0, 0.0, 0.0]
dice [0.0, 0.0, 0.0, 0.0, 0.0, 0.0, 0.0, 0.0, 0.0, 0.0, 0.0, 0.0]
2.jpg
iou [0.0, 0.5099012680164513, 0.914601323590917, 0.0, 0.49623988877322867, 0.8919980081524335, 0.0, 0.7036573754029404, 0.9503266516649909, 0.0, 0.4954724239841631, 0.5042698833864746]
dice [0.0, 0.6754100798740379, 0.9553961049975072, 0.0, 0.6633159461884112, 0.9429164346990871, 0.0, 0.8260550337904826, 0.9745307544802286, 0.0, 0.6626299703529807, 0.6704513451419254]
20.jpg
iou [0.0, 0.0, 0.0, 0.0, 0.0, 0.0, 0.0, 0.0, 0.0, 0.0, 0.0, 0.0]
dice [0.0, 0.0, 0.0, 0.0, 0.0, 0.0, 0.0, 0.0, 0.0, 0.0, 0.0, 0.0]
21.jpg
iou [0.0, 0.0, 0.0, 0.0, 0.0, 0.0, 0.0, 0.0, 0.0, 0.0, 0.0, 0.0]
dice [0.0, 0.0, 0.0, 0.0, 0.0, 0.0, 0.0, 0.0, 0.0, 0.0, 0.0, 0.0]
22.jpg
iou [0.0, 0.0, 0.0, 0.0, 0.0, 0.0, 0.0, 0.0, 0.0, 0.0, 0.0, 0.0]
dice [0.0, 0.0, 0.0, 0.0, 0.0, 0.0, 0.0, 0.0, 0.0, 0.0, 0.0, 0.0]
23.jpg
iou [0.0, 0.0, 0.0, 0.0, 0.0, 0.0, 0.0, 0.0, 0.0, 0.0, 0.0, 0.0]
dice [0.0, 0.0, 0.0, 0.0, 0.0, 0.0, 0.0, 0.0, 0.0, 0.0, 0.0, 0.0]
3.jpg
iou [0.011831603082375143, 0.19065670168007923, 0.9615171275343157, 0.5015748545477309, 0.025469002890087862, 0.6194998331838344, 0.2859664699524337, 0.5125667624553897, 0.8140669179166935, 0.0, 0.0, 0.0]
dice [0.023386506304669968, 0.3202546987911001, 0.9803810673251381, 0.6680650691887132, 0.049672886880653355, 0.7650508144430455, 0.44474949640484984, 0.6777443153958064, 0.8975048383017561, 0.0, 0.0, 0.0]
4.jpg
iou [0.0, 0.0, 0.45977678550192524, 0.8173608800780622, 0.06746175013644945, 0.34412870213674296, 0.7987974884533996, 0.7756965150869293, 0.6258324123219727, 0.0, 0.0, 0.7476961141218681]
dice [0.0, 0.0, 0.6299275205199772, 0.8995031080926025, 0.12639656667384302, 0.5120472490315642, 0.8881461015827893, 0.8736814072633972, 0.7698609125748387, 0.0, 0.0, 0.8556362952120528]
5.jpg
iou [0.0, 0.0, 0.0, 0.0, 0.0, 0.0, 0.0, 0.0, 0.0, 0.0, 0.0, 0.0]
dice [0.0, 0.0, 0.0, 0.0, 0.0, 0.0, 0.0, 0.0, 0.0, 0.0, 0.0, 0.0]
6.jpg
iou [0.0, 0.0, 0.0, 0.0, 0.0, 0.0, 0.0, 0.0, 0.0, 0.0, 0.0, 0.0]
dice [0.0, 0.0, 0.0, 0.0, 0.0, 0.0, 0.0, 0.0, 0.0, 0.0, 0.0, 0.0]
7.jpg
iou [0.0, 0.0, 0.0, 0.0, 0.0, 0.0, 0.0, 0.0, 0.0, 0.0, 0.0, 0.0]
dice [0.0, 0.0, 0.0, 0.0, 0.0, 0.0, 0.0, 0.0, 0.0, 0.0, 0.0, 0.0]
8.jpg
iou [0.0, 0.0, 0.0, 0.0, 0.0, 0.0, 0.0, 0.0, 0.0, 0.0, 0.0, 0.0]
dice [0.0, 0.0, 0.0, 0.0, 0.0, 0.0, 0.0, 0.0, 0.0, 0.0, 0.0, 0.0]
9.jpg
iou [0.0, 0.0, 0.0, 0.0, 0.0, 0.0, 0.0, 0.0, 0.0, 0.0, 0.0, 0.0]
dice [0.0, 0.0, 0.0, 0.0, 0.0, 0.0, 0.0, 0.0, 0.0, 0.0, 0.0, 0.0]
----
block [1, 2, 3, 4, 5, 6, 7, 8, 9, 10, 11, 12]
iou average [0.03033817 0.05893814 0.13729421 0.11041821 0.06302693 0.1149908
 0.11389892 0.14007867 0.1505311  0.         0.02064468 0.05216525]
dice average [0.04486415 0.08464739 0.14770258 0.1317254  0.08418776 0.13206994
 0.1308481  0.16672969 0.1717307  0.         0.02760958 0.06358699]
